8. Pack5/step2/SDK/PurchaseSDK/Demo/Demo/proguard/seeds.txt
com.estore.lsms.tools.ReadXmlByPullService
com.estore.lsms.tools.ReadXmlByPullService: ReadXmlByPullService()
com.estore.lsms.tools.ReadXmlByPullService: void ReadXmlByPull(java.io.InputStream,com.estore.lsms.tools.Person)
com.estore.lsms.tools.ReadXmlByPullService: void ReadXmlByPull(java.io.InputStream,com.estore.lsms.tools.ApConfig)
com.estore.lsms.tools.Tools
com.estore.lsms.tools.Tools: int SDK_VERSION_MIN
com.estore.lsms.tools.Tools: int TIMEOUT_30
com.estore.lsms.tools.Tools: int TIMEOUT_60
com.estore.lsms.tools.Tools: int HANDER_EVENT_INIT
com.estore.lsms.tools.Tools: int HANDER_EVENT_SMS_SENDFAILED
com.estore.lsms.tools.Tools: int HANDER_EVENT_SMS_SENDSUCCESS
com.estore.lsms.tools.Tools: int HANDER_EVENT_DIALOG_EXIT
com.estore.lsms.tools.Tools: int HANDER_EVENT_RQUEST_ORDER
com.estore.lsms.tools.Tools: int HANDER_EVENT_EXIT
com.estore.lsms.tools.Tools: java.lang.String TAG
com.estore.lsms.tools.Tools: int smallSize
com.estore.lsms.tools.Tools: int bigSize
com.estore.lsms.tools.Tools: int LbigSize
com.estore.lsms.tools.Tools: int smallSize_large
com.estore.lsms.tools.Tools: int bigSize_large
com.estore.lsms.tools.Tools: int LbigSize_large
com.estore.lsms.tools.Tools: int titlebg_height
com.estore.lsms.tools.Tools: int titlebg_height_large
com.estore.lsms.tools.Tools: int titlebg_height_small
com.estore.lsms.tools.Tools: int titleLogo_height
com.estore.lsms.tools.Tools: int titleLogo_height_large
com.estore.lsms.tools.Tools: int titleLogo_width
com.estore.lsms.tools.Tools: int titleLogo_width_large
com.estore.lsms.tools.Tools: int titleLogo_width_small
com.estore.lsms.tools.Tools: int titleLogo_height_small
com.estore.lsms.tools.Tools: int titleClose_height
com.estore.lsms.tools.Tools: int titleClose_height_large
com.estore.lsms.tools.Tools: int titleClose_width
com.estore.lsms.tools.a
com.estore.lsms.tools.a: com.estore.lsms.tools.MyDialog a
com.estore.lsms.tools.a: a(com.estore.lsms.tools.MyDialog)
com.estore.lsms.tools.a: void onClick(android.content.DialogInterface,int)
com.estore.quitpay.QuitPay
com.estore.quitpay.QuitPay: QuitPay()
com.estore.quitpay.QuitPay: java.lang.String a(java.lang.String,java.lang.String,java.lang.String,java.lang.String,java.lang.String)
com.estore.quitpay.QuitPay: boolean sendMsgQuitPay(android.content.Context,java.lang.String,java.lang.String,java.lang.String)
com.estore.quitpay.QuitPay: java.lang.String a(android.content.Context)
com.estore.ui.CTEStoreSDKActivity
com.estore.ui.CTEStoreSDKActivity: java.lang.String c
com.estore.ui.CTEStoreSDKActivity: java.lang.String d
com.estore.ui.CTEStoreSDKActivity: java.lang.String e
com.estore.ui.CTEStoreSDKActivity: java.lang.String f
com.estore.ui.CTEStoreSDKActivity: java.lang.String g
com.estore.ui.CTEStoreSDKActivity: int h
com.estore.ui.CTEStoreSDKActivity: java.lang.String i
com.estore.ui.CTEStoreSDKActivity: java.lang.String j
com.estore.ui.CTEStoreSDKActivity: java.lang.String k
com.estore.ui.CTEStoreSDKActivity: java.lang.String l
com.estore.ui.CTEStoreSDKActivity: int m
com.estore.ui.CTEStoreSDKActivity: boolean a
com.estore.ui.CTEStoreSDKActivity: boolean n
com.estore.ui.CTEStoreSDKActivity: java.lang.String o
com.estore.ui.CTEStoreSDKActivity: boolean p
com.estore.ui.CTEStoreSDKActivity: int resultCode
com.estore.ui.CTEStoreSDKActivity: java.lang.String q
com.estore.ui.CTEStoreSDKActivity: java.lang.String r
com.estore.ui.CTEStoreSDKActivity: android.content.BroadcastReceiver s
com.estore.ui.CTEStoreSDKActivity: int t
com.estore.ui.CTEStoreSDKActivity: int u
com.estore.ui.CTEStoreSDKActivity: int v
com.estore.ui.CTEStoreSDKActivity: int w
com.estore.ui.CTEStoreSDKActivity: int x
com.estore.ui.CTEStoreSDKActivity: int y
com.estore.ui.CTEStoreSDKActivity: int z
com.estore.ui.CTEStoreSDKActivity: int A
com.estore.ui.CTEStoreSDKActivity: int B
com.estore.ui.CTEStoreSDKActivity: int C
com.estore.ui.CTEStoreSDKActivity: int D