8. Pack5/step2/SDK/PurchaseSDK/Demo/Demo/proguard/mapping.txt
cn.egame.terminal.paysdk.d -> cn.egame.terminal.paysdk.f:
    cn.egame.terminal.paysdk.EgamePayActivity a -> a
    void onClick(android.view.View) -> onClick
cn.egame.terminal.paysdk.e -> cn.egame.terminal.paysdk.g:
    cn.egame.terminal.paysdk.EgamePayActivity a -> a
    void onClick(android.view.View) -> onClick
cn.egame.terminal.paysdk.f -> cn.egame.terminal.paysdk.h:
    cn.egame.terminal.paysdk.EgamePayActivity a -> a
    void onClick(android.view.View) -> onClick
cn.egame.terminal.paysdk.g -> cn.egame.terminal.paysdk.i:
    cn.egame.terminal.paysdk.EgamePayActivity a -> a
    void onClick(android.view.View) -> onClick
cn.egame.terminal.paysdk.h -> cn.egame.terminal.paysdk.j:
    cn.egame.terminal.paysdk.g a -> a
    void a() -> a
    void b() -> b
cn.egame.terminal.paysdk.i -> cn.egame.terminal.paysdk.k:
    cn.egame.terminal.paysdk.EgamePayActivity a -> a
    void onClick(android.view.View) -> onClick
cn.egame.terminal.paysdk.j -> cn.egame.terminal.paysdk.l:
    cn.egame.terminal.paysdk.EgamePayActivity a -> a
    void onClick(android.view.View) -> onClick
cn.egame.terminal.paysdk.k -> cn.egame.terminal.paysdk.m:
    java.lang.String a -> a
    java.lang.String b -> b
    java.util.List c -> c
    long[] d -> d
    cn.egame.terminal.paysdk.l a(java.lang.String) -> a
    boolean a(long) -> a
cn.egame.terminal.paysdk.l -> cn.egame.terminal.paysdk.n:
    int a -> a
    java.lang.String b -> b
    java.lang.String c -> c
    java.lang.String d -> d
    java.lang.String e -> e
cn.egame.terminal.paysdk.m -> cn.egame.terminal.paysdk.o:
    cn.egame.terminal.paysdk.SmsBroadcastReceiver a -> a
    java.lang.String b -> b
    java.lang.String c -> c
    cn.egame.terminal.paysdk.o d -> d
    android.app.Activity e -> e
    void onPreExecute() -> onPreExecute
    java.lang.Boolean a() -> a
    void onPostExecute(java.lang.Object) -> onPostExecute
    java.lang.Object doInBackground(java.lang.Object[]) -> doInBackground
cn.egame.terminal.paysdk.n -> cn.egame.terminal.paysdk.p:
    void handleMessage(android.os.Message) -> handleMessage
cn.egame.terminal.paysdk.o -> cn.egame.terminal.paysdk.q:
    void a() -> a
    void b() -> b
com.alipay.android.app.IAlixPay -> com.alipay.android.app.IAlixPay:
    java.lang.String Pay(java.lang.String) -> Pay
    java.lang.String test() -> test
    void registerCallback(com.alipay.android.app.IRemoteServiceCallback) -> registerCallback
    void unregisterCallback(com.alipay.android.app.IRemoteServiceCallback) -> unregisterCallback
    java.lang.String prePay(java.lang.String) -> prePay
com.alipay.android.app.IAlixPay$Stub -> com.alipay.android.app.IAlixPay$Stub:
    java.lang.String DESCRIPTOR -> DESCRIPTOR
    int TRANSACTION_Pay -> TRANSACTION_Pay
    int TRANSACTION_test -> TRANSACTION_test
    int TRANSACTION_registerCallback -> TRANSACTION_registerCallback
    int TRANSACTION_unregisterCallback -> TRANSACTION_unregisterCallback
    int TRANSACTION_prePay -> TRANSACTION_prePay
    28:35:com.alipay.android.app.IAlixPay asInterface(android.os.IBinder) -> asInterface
    39:39:android.os.IBinder asBinder() -> asBinder
    43:97:boolean onTransact(int,android.os.Parcel,android.os.Parcel,int) -> onTransact
com.alipay.android.app.IAlixPay$Stub$Proxy -> com.alipay.android.app.IAlixPay$Stub$Proxy:
    android.os.IBinder mRemote -> mRemote
    108:108:android.os.IBinder asBinder() -> asBinder
    112:112:java.lang.String getInterfaceDescriptor() -> getInterfaceDescriptor
    127:141:java.lang.String Pay(java.lang.String) -> Pay
    152:165:java.lang.String test() -> test
    174:186:void registerCallback(com.alipay.android.app.IRemoteServiceCallback) -> registerCallback
    192:204:void unregisterCallback(com.alipay.android.app.IRemoteServiceCallback) -> unregisterCallback
    218:232:java.lang.String prePay(java.lang.String) -> prePay